[0.076s] DEBUG:colcon:Command line arguments: ['/usr/bin/colcon', 'build', '--packages-select', 'paraceptor']
[0.076s] DEBUG:colcon:Parsed command line arguments: Namespace(log_base=None, log_level=None, verb_name='build', build_base='build', install_base='install', merge_install=False, symlink_install=False, test_result_base=None, continue_on_error=False, executor='parallel', parallel_workers=12, event_handlers=None, ignore_user_meta=False, metas=['./colcon.meta'], base_paths=['.'], packages_ignore=None, packages_ignore_regex=None, paths=None, packages_up_to=None, packages_up_to_regex=None, packages_above=None, packages_above_and_dependencies=None, packages_above_depth=None, packages_select_by_dep=None, packages_skip_by_dep=None, packages_skip_up_to=None, packages_select_build_failed=False, packages_skip_build_finished=False, packages_select_test_failures=False, packages_skip_test_passed=False, packages_select=['paraceptor'], packages_skip=None, packages_select_regex=None, packages_skip_regex=None, packages_start=None, packages_end=None, allow_overriding=[], cmake_args=None, cmake_target=None, cmake_target_skip_unavailable=False, cmake_clean_cache=False, cmake_clean_first=False, cmake_force_configure=False, ament_cmake_args=None, catkin_cmake_args=None, catkin_skip_building_tests=False, mixin_files=None, mixin=None, verb_parser=<colcon_mixin.mixin.mixin_argument.MixinArgumentDecorator object at 0x72139032f0d0>, verb_extension=<colcon_core.verb.build.BuildVerb object at 0x72139042b6a0>, main=<bound method BuildVerb.main of <colcon_core.verb.build.BuildVerb object at 0x72139042b6a0>>, mixin_verb=('build',))
[0.104s] Level 1:colcon.colcon_core.package_discovery:discover_packages(colcon_meta) check parameters
[0.104s] Level 1:colcon.colcon_core.package_discovery:discover_packages(recursive) check parameters
[0.104s] Level 1:colcon.colcon_core.package_discovery:discover_packages(ignore) check parameters
[0.104s] Level 1:colcon.colcon_core.package_discovery:discover_packages(path) check parameters
[0.104s] Level 1:colcon.colcon_core.package_discovery:discover_packages(colcon_meta) discover
[0.104s] Level 1:colcon.colcon_core.package_discovery:discover_packages(recursive) discover
[0.104s] INFO:colcon.colcon_core.package_discovery:Crawling recursively for packages in '/home/connor/paraceptor'
[0.104s] Level 1:colcon.colcon_core.package_identification:_identify(.) by extensions ['ignore', 'ignore_ament_install']
[0.104s] Level 1:colcon.colcon_core.package_identification:_identify(.) by extension 'ignore'
[0.104s] Level 1:colcon.colcon_core.package_identification:_identify(.) by extension 'ignore_ament_install'
[0.104s] Level 1:colcon.colcon_core.package_identification:_identify(.) by extensions ['colcon_pkg']
[0.104s] Level 1:colcon.colcon_core.package_identification:_identify(.) by extension 'colcon_pkg'
[0.104s] Level 1:colcon.colcon_core.package_identification:_identify(.) by extensions ['colcon_meta']
[0.104s] Level 1:colcon.colcon_core.package_identification:_identify(.) by extension 'colcon_meta'
[0.104s] Level 1:colcon.colcon_core.package_identification:_identify(.) by extensions ['ros']
[0.104s] Level 1:colcon.colcon_core.package_identification:_identify(.) by extension 'ros'
[0.118s] DEBUG:colcon.colcon_core.package_identification:Package '.' with type 'ros.ament_python' and name 'paraceptor'
[0.118s] Level 1:colcon.colcon_core.package_discovery:discover_packages(recursive) using defaults
[0.118s] Level 1:colcon.colcon_core.package_discovery:discover_packages(ignore) discover
[0.118s] Level 1:colcon.colcon_core.package_discovery:discover_packages(ignore) using defaults
[0.118s] Level 1:colcon.colcon_core.package_discovery:discover_packages(path) discover
[0.118s] Level 1:colcon.colcon_core.package_discovery:discover_packages(path) using defaults
[0.131s] Level 1:colcon.colcon_core.package_discovery:discover_packages(prefix_path) check parameters
[0.131s] Level 1:colcon.colcon_core.package_discovery:discover_packages(prefix_path) discover
[0.132s] WARNING:colcon.colcon_ros.prefix_path.ament:The path '/home/connor/paraceptor/install/paraceptor' in the environment variable AMENT_PREFIX_PATH doesn't exist
[0.132s] WARNING:colcon.colcon_ros.prefix_path.ament:The path '/home/connor/paraceptor/install/px4_offboard' in the environment variable AMENT_PREFIX_PATH doesn't exist
[0.132s] DEBUG:colcon.colcon_installed_package_information.package_discovery:Found 0 installed packages in /home/connor/paraceptor/install
[0.133s] DEBUG:colcon.colcon_installed_package_information.package_discovery:Found 1 installed packages in /home/connor/px4-offboard/install
[0.133s] DEBUG:colcon.colcon_installed_package_information.package_discovery:Found 309 installed packages in /opt/ros/humble
[0.134s] Level 1:colcon.colcon_core.package_discovery:discover_packages(prefix_path) using defaults
[0.162s] Level 5:colcon.colcon_core.verb:set package 'paraceptor' build argument 'cmake_args' from command line to 'None'
[0.162s] Level 5:colcon.colcon_core.verb:set package 'paraceptor' build argument 'cmake_target' from command line to 'None'
[0.162s] Level 5:colcon.colcon_core.verb:set package 'paraceptor' build argument 'cmake_target_skip_unavailable' from command line to 'False'
[0.162s] Level 5:colcon.colcon_core.verb:set package 'paraceptor' build argument 'cmake_clean_cache' from command line to 'False'
[0.162s] Level 5:colcon.colcon_core.verb:set package 'paraceptor' build argument 'cmake_clean_first' from command line to 'False'
[0.162s] Level 5:colcon.colcon_core.verb:set package 'paraceptor' build argument 'cmake_force_configure' from command line to 'False'
[0.162s] Level 5:colcon.colcon_core.verb:set package 'paraceptor' build argument 'ament_cmake_args' from command line to 'None'
[0.162s] Level 5:colcon.colcon_core.verb:set package 'paraceptor' build argument 'catkin_cmake_args' from command line to 'None'
[0.162s] Level 5:colcon.colcon_core.verb:set package 'paraceptor' build argument 'catkin_skip_building_tests' from command line to 'False'
[0.162s] DEBUG:colcon.colcon_core.verb:Building package 'paraceptor' with the following arguments: {'ament_cmake_args': None, 'build_base': '/home/connor/paraceptor/build/paraceptor', 'catkin_cmake_args': None, 'catkin_skip_building_tests': False, 'cmake_args': None, 'cmake_clean_cache': False, 'cmake_clean_first': False, 'cmake_force_configure': False, 'cmake_target': None, 'cmake_target_skip_unavailable': False, 'install_base': '/home/connor/paraceptor/install/paraceptor', 'merge_install': False, 'path': '/home/connor/paraceptor', 'symlink_install': False, 'test_result_base': None}
[0.163s] INFO:colcon.colcon_core.executor:Executing jobs using 'parallel' executor
[0.163s] DEBUG:colcon.colcon_parallel_executor.executor.parallel:run_until_complete
[0.164s] INFO:colcon.colcon_ros.task.ament_python.build:Building ROS package in '/home/connor/paraceptor' with build type 'ament_python'
[0.164s] Level 1:colcon.colcon_core.shell:create_environment_hook('paraceptor', 'ament_prefix_path')
[0.165s] INFO:colcon.colcon_core.plugin_system:Skipping extension 'colcon_core.shell.bat': Not used on non-Windows systems
[0.165s] INFO:colcon.colcon_core.shell:Creating environment hook '/home/connor/paraceptor/install/paraceptor/share/paraceptor/hook/ament_prefix_path.ps1'
[0.165s] INFO:colcon.colcon_core.shell:Creating environment descriptor '/home/connor/paraceptor/install/paraceptor/share/paraceptor/hook/ament_prefix_path.dsv'
[0.166s] INFO:colcon.colcon_core.shell:Creating environment hook '/home/connor/paraceptor/install/paraceptor/share/paraceptor/hook/ament_prefix_path.sh'
[0.166s] INFO:colcon.colcon_core.shell:Skip shell extension 'powershell' for command environment: Not usable outside of PowerShell
[0.166s] DEBUG:colcon.colcon_core.shell:Skip shell extension 'dsv' for command environment
[0.312s] WARNING:colcon.colcon_ros.task.ament_python.build:Package 'paraceptor' doesn't explicitly install a marker in the package index (colcon-ros currently does it implicitly but that fallback will be removed in the future)
[0.312s] WARNING:colcon.colcon_ros.task.ament_python.build:Package 'paraceptor' doesn't explicitly install the 'package.xml' file (colcon-ros currently does it implicitly but that fallback will be removed in the future)
[0.312s] INFO:colcon.colcon_core.task.python.build:Building Python package in '/home/connor/paraceptor'
[0.312s] INFO:colcon.colcon_core.shell:Skip shell extension 'powershell' for command environment: Not usable outside of PowerShell
[0.312s] DEBUG:colcon.colcon_core.shell:Skip shell extension 'dsv' for command environment
[0.644s] DEBUG:colcon.colcon_core.event_handler.log_command:Invoking command in '/home/connor/paraceptor': PYTHONPATH=/home/connor/paraceptor/build/paraceptor/prefix_override:/home/connor/paraceptor/install/paraceptor/lib/python3.10/site-packages:${PYTHONPATH} /usr/bin/python3 -W ignore:setup.py install is deprecated setup.py egg_info --egg-base build/paraceptor build --build-base /home/connor/paraceptor/build/paraceptor/build install --record /home/connor/paraceptor/build/paraceptor/install.log --single-version-externally-managed install_data
[0.945s] DEBUG:colcon.colcon_core.event_handler.log_command:Invoked command in '/home/connor/paraceptor' returned '0': PYTHONPATH=/home/connor/paraceptor/build/paraceptor/prefix_override:/home/connor/paraceptor/install/paraceptor/lib/python3.10/site-packages:${PYTHONPATH} /usr/bin/python3 -W ignore:setup.py install is deprecated setup.py egg_info --egg-base build/paraceptor build --build-base /home/connor/paraceptor/build/paraceptor/build install --record /home/connor/paraceptor/build/paraceptor/install.log --single-version-externally-managed install_data
[0.946s] Level 1:colcon.colcon_core.environment:checking '/home/connor/paraceptor/install/paraceptor' for CMake module files
[0.947s] Level 1:colcon.colcon_core.environment:checking '/home/connor/paraceptor/install/paraceptor' for CMake config files
[0.947s] Level 1:colcon.colcon_core.environment:checking '/home/connor/paraceptor/install/paraceptor/lib'
[0.947s] Level 1:colcon.colcon_core.environment:checking '/home/connor/paraceptor/install/paraceptor/bin'
[0.947s] Level 1:colcon.colcon_core.environment:checking '/home/connor/paraceptor/install/paraceptor/lib/pkgconfig/paraceptor.pc'
[0.947s] Level 1:colcon.colcon_core.environment:checking '/home/connor/paraceptor/install/paraceptor/lib/python3.10/site-packages'
[0.947s] Level 1:colcon.colcon_core.shell:create_environment_hook('paraceptor', 'pythonpath')
[0.948s] INFO:colcon.colcon_core.shell:Creating environment hook '/home/connor/paraceptor/install/paraceptor/share/paraceptor/hook/pythonpath.ps1'
[0.948s] INFO:colcon.colcon_core.shell:Creating environment descriptor '/home/connor/paraceptor/install/paraceptor/share/paraceptor/hook/pythonpath.dsv'
[0.948s] INFO:colcon.colcon_core.shell:Creating environment hook '/home/connor/paraceptor/install/paraceptor/share/paraceptor/hook/pythonpath.sh'
[0.948s] Level 1:colcon.colcon_core.environment:checking '/home/connor/paraceptor/install/paraceptor/bin'
[0.949s] Level 1:colcon.colcon_core.environment:create_environment_scripts_only(paraceptor)
[0.949s] INFO:colcon.colcon_core.shell:Creating package script '/home/connor/paraceptor/install/paraceptor/share/paraceptor/package.ps1'
[0.949s] INFO:colcon.colcon_core.shell:Creating package descriptor '/home/connor/paraceptor/install/paraceptor/share/paraceptor/package.dsv'
[0.950s] INFO:colcon.colcon_core.shell:Creating package script '/home/connor/paraceptor/install/paraceptor/share/paraceptor/package.sh'
[0.950s] INFO:colcon.colcon_core.shell:Creating package script '/home/connor/paraceptor/install/paraceptor/share/paraceptor/package.bash'
[0.951s] INFO:colcon.colcon_core.shell:Creating package script '/home/connor/paraceptor/install/paraceptor/share/paraceptor/package.zsh'
[0.951s] Level 1:colcon.colcon_core.environment:create_file_with_runtime_dependencies(/home/connor/paraceptor/install/paraceptor/share/colcon-core/packages/paraceptor)
[0.951s] DEBUG:colcon.colcon_parallel_executor.executor.parallel:closing loop
[0.951s] DEBUG:colcon.colcon_parallel_executor.executor.parallel:loop closed
[0.952s] DEBUG:colcon.colcon_parallel_executor.executor.parallel:run_until_complete finished with '0'
[0.952s] DEBUG:colcon.colcon_core.event_reactor:joining thread
[0.956s] INFO:colcon.colcon_core.plugin_system:Skipping extension 'colcon_notification.desktop_notification.terminal_notifier': Not used on non-Darwin systems
[0.956s] INFO:colcon.colcon_core.plugin_system:Skipping extension 'colcon_notification.desktop_notification.win32': Not used on non-Windows systems
[0.956s] INFO:colcon.colcon_notification.desktop_notification:Sending desktop notification using 'notify2'
[0.974s] DEBUG:colcon.colcon_core.event_reactor:joined thread
[0.975s] INFO:colcon.colcon_core.shell:Creating prefix script '/home/connor/paraceptor/install/local_setup.ps1'
[0.976s] INFO:colcon.colcon_core.shell:Creating prefix util module '/home/connor/paraceptor/install/_local_setup_util_ps1.py'
[0.977s] INFO:colcon.colcon_core.shell:Creating prefix chain script '/home/connor/paraceptor/install/setup.ps1'
[0.979s] INFO:colcon.colcon_core.shell:Creating prefix script '/home/connor/paraceptor/install/local_setup.sh'
[0.979s] INFO:colcon.colcon_core.shell:Creating prefix util module '/home/connor/paraceptor/install/_local_setup_util_sh.py'
[0.980s] INFO:colcon.colcon_core.shell:Creating prefix chain script '/home/connor/paraceptor/install/setup.sh'
[0.981s] INFO:colcon.colcon_core.shell:Creating prefix script '/home/connor/paraceptor/install/local_setup.bash'
[0.981s] INFO:colcon.colcon_core.shell:Creating prefix chain script '/home/connor/paraceptor/install/setup.bash'
[0.982s] INFO:colcon.colcon_core.shell:Creating prefix script '/home/connor/paraceptor/install/local_setup.zsh'
[0.982s] INFO:colcon.colcon_core.shell:Creating prefix chain script '/home/connor/paraceptor/install/setup.zsh'
