running egg_info
creating build/paraceptor/px4_offboard.egg-info
writing build/paraceptor/px4_offboard.egg-info/PKG-INFO
writing dependency_links to build/paraceptor/px4_offboard.egg-info/dependency_links.txt
writing entry points to build/paraceptor/px4_offboard.egg-info/entry_points.txt
writing requirements to build/paraceptor/px4_offboard.egg-info/requires.txt
writing top-level names to build/paraceptor/px4_offboard.egg-info/top_level.txt
writing manifest file 'build/paraceptor/px4_offboard.egg-info/SOURCES.txt'
reading manifest file 'build/paraceptor/px4_offboard.egg-info/SOURCES.txt'
writing manifest file 'build/paraceptor/px4_offboard.egg-info/SOURCES.txt'
running build
running build_py
creating /home/connor/paraceptor/build/paraceptor/build
creating /home/connor/paraceptor/build/paraceptor/build/lib
creating /home/connor/paraceptor/build/paraceptor/build/lib/px4_offboard
copying px4_offboard/offboard_control.py -> /home/connor/paraceptor/build/paraceptor/build/lib/px4_offboard
copying px4_offboard/__init__.py -> /home/connor/paraceptor/build/paraceptor/build/lib/px4_offboard
copying px4_offboard/velocity_control.py -> /home/connor/paraceptor/build/paraceptor/build/lib/px4_offboard
copying px4_offboard/visualizer.py -> /home/connor/paraceptor/build/paraceptor/build/lib/px4_offboard
copying px4_offboard/recon_drone_path.py -> /home/connor/paraceptor/build/paraceptor/build/lib/px4_offboard
running install
running install_lib
creating /home/connor/paraceptor/install/paraceptor/lib/python3.10/site-packages/px4_offboard
copying /home/connor/paraceptor/build/paraceptor/build/lib/px4_offboard/offboard_control.py -> /home/connor/paraceptor/install/paraceptor/lib/python3.10/site-packages/px4_offboard
copying /home/connor/paraceptor/build/paraceptor/build/lib/px4_offboard/__init__.py -> /home/connor/paraceptor/install/paraceptor/lib/python3.10/site-packages/px4_offboard
copying /home/connor/paraceptor/build/paraceptor/build/lib/px4_offboard/velocity_control.py -> /home/connor/paraceptor/install/paraceptor/lib/python3.10/site-packages/px4_offboard
copying /home/connor/paraceptor/build/paraceptor/build/lib/px4_offboard/visualizer.py -> /home/connor/paraceptor/install/paraceptor/lib/python3.10/site-packages/px4_offboard
copying /home/connor/paraceptor/build/paraceptor/build/lib/px4_offboard/recon_drone_path.py -> /home/connor/paraceptor/install/paraceptor/lib/python3.10/site-packages/px4_offboard
byte-compiling /home/connor/paraceptor/install/paraceptor/lib/python3.10/site-packages/px4_offboard/offboard_control.py to offboard_control.cpython-310.pyc
byte-compiling /home/connor/paraceptor/install/paraceptor/lib/python3.10/site-packages/px4_offboard/__init__.py to __init__.cpython-310.pyc
byte-compiling /home/connor/paraceptor/install/paraceptor/lib/python3.10/site-packages/px4_offboard/velocity_control.py to velocity_control.cpython-310.pyc
byte-compiling /home/connor/paraceptor/install/paraceptor/lib/python3.10/site-packages/px4_offboard/visualizer.py to visualizer.cpython-310.pyc
byte-compiling /home/connor/paraceptor/install/paraceptor/lib/python3.10/site-packages/px4_offboard/recon_drone_path.py to recon_drone_path.cpython-310.pyc
running install_data
copying resource/px4_offboard -> /home/connor/paraceptor/install/paraceptor/share/ament_index/resource_index/packages
copying resource/visualize.rviz -> /home/connor/paraceptor/install/paraceptor/share/ament_index/resource_index/packages
creating /home/connor/paraceptor/install/paraceptor/share/px4_offboard
copying package.xml -> /home/connor/paraceptor/install/paraceptor/share/px4_offboard
copying launch/offboard_hardware_position_control.launch.py -> /home/connor/paraceptor/install/paraceptor/share/px4_offboard
copying launch/visualize.launch.py -> /home/connor/paraceptor/install/paraceptor/share/px4_offboard
copying launch/offboard_position_control.launch.py -> /home/connor/paraceptor/install/paraceptor/share/px4_offboard
copying resource/visualize.rviz -> /home/connor/paraceptor/install/paraceptor/share/px4_offboard
running install_egg_info
Copying build/paraceptor/px4_offboard.egg-info to /home/connor/paraceptor/install/paraceptor/lib/python3.10/site-packages/px4_offboard-0.0.0-py3.10.egg-info
running install_scripts
Installing offboard_control script to /home/connor/paraceptor/install/paraceptor/lib/px4_offboard
Installing recon_drone_path script to /home/connor/paraceptor/install/paraceptor/lib/px4_offboard
Installing visualizer script to /home/connor/paraceptor/install/paraceptor/lib/px4_offboard
writing list of installed files to '/home/connor/paraceptor/build/paraceptor/install.log'
