[0.480s] Invoking command in '/home/connor/paraceptor': PYTHONPATH=/home/connor/paraceptor/build/paraceptor/prefix_override:/home/connor/paraceptor/install/paraceptor/lib/python3.10/site-packages:${PYTHONPATH} /usr/bin/python3 -W ignore:setup.py install is deprecated setup.py egg_info --egg-base build/paraceptor build --build-base /home/connor/paraceptor/build/paraceptor/build install --record /home/connor/paraceptor/build/paraceptor/install.log --single-version-externally-managed install_data
[0.632s] running egg_info
[0.632s] creating build/paraceptor/px4_offboard.egg-info
[0.640s] writing build/paraceptor/px4_offboard.egg-info/PKG-INFO
[0.640s] writing dependency_links to build/paraceptor/px4_offboard.egg-info/dependency_links.txt
[0.640s] writing entry points to build/paraceptor/px4_offboard.egg-info/entry_points.txt
[0.641s] writing requirements to build/paraceptor/px4_offboard.egg-info/requires.txt
[0.641s] writing top-level names to build/paraceptor/px4_offboard.egg-info/top_level.txt
[0.641s] writing manifest file 'build/paraceptor/px4_offboard.egg-info/SOURCES.txt'
[0.658s] reading manifest file 'build/paraceptor/px4_offboard.egg-info/SOURCES.txt'
[0.658s] writing manifest file 'build/paraceptor/px4_offboard.egg-info/SOURCES.txt'
[0.658s] running build
[0.658s] running build_py
[0.658s] creating /home/connor/paraceptor/build/paraceptor/build
[0.658s] creating /home/connor/paraceptor/build/paraceptor/build/lib
[0.659s] creating /home/connor/paraceptor/build/paraceptor/build/lib/px4_offboard
[0.659s] copying px4_offboard/offboard_control.py -> /home/connor/paraceptor/build/paraceptor/build/lib/px4_offboard
[0.659s] copying px4_offboard/__init__.py -> /home/connor/paraceptor/build/paraceptor/build/lib/px4_offboard
[0.659s] copying px4_offboard/velocity_control.py -> /home/connor/paraceptor/build/paraceptor/build/lib/px4_offboard
[0.659s] copying px4_offboard/visualizer.py -> /home/connor/paraceptor/build/paraceptor/build/lib/px4_offboard
[0.659s] copying px4_offboard/recon_drone_path.py -> /home/connor/paraceptor/build/paraceptor/build/lib/px4_offboard
[0.659s] running install
[0.663s] running install_lib
[0.672s] creating /home/connor/paraceptor/install/paraceptor/lib/python3.10/site-packages/px4_offboard
[0.672s] copying /home/connor/paraceptor/build/paraceptor/build/lib/px4_offboard/offboard_control.py -> /home/connor/paraceptor/install/paraceptor/lib/python3.10/site-packages/px4_offboard
[0.672s] copying /home/connor/paraceptor/build/paraceptor/build/lib/px4_offboard/__init__.py -> /home/connor/paraceptor/install/paraceptor/lib/python3.10/site-packages/px4_offboard
[0.672s] copying /home/connor/paraceptor/build/paraceptor/build/lib/px4_offboard/velocity_control.py -> /home/connor/paraceptor/install/paraceptor/lib/python3.10/site-packages/px4_offboard
[0.672s] copying /home/connor/paraceptor/build/paraceptor/build/lib/px4_offboard/visualizer.py -> /home/connor/paraceptor/install/paraceptor/lib/python3.10/site-packages/px4_offboard
[0.672s] copying /home/connor/paraceptor/build/paraceptor/build/lib/px4_offboard/recon_drone_path.py -> /home/connor/paraceptor/install/paraceptor/lib/python3.10/site-packages/px4_offboard
[0.672s] byte-compiling /home/connor/paraceptor/install/paraceptor/lib/python3.10/site-packages/px4_offboard/offboard_control.py to offboard_control.cpython-310.pyc
[0.673s] byte-compiling /home/connor/paraceptor/install/paraceptor/lib/python3.10/site-packages/px4_offboard/__init__.py to __init__.cpython-310.pyc
[0.673s] byte-compiling /home/connor/paraceptor/install/paraceptor/lib/python3.10/site-packages/px4_offboard/velocity_control.py to velocity_control.cpython-310.pyc
[0.674s] byte-compiling /home/connor/paraceptor/install/paraceptor/lib/python3.10/site-packages/px4_offboard/visualizer.py to visualizer.cpython-310.pyc
[0.675s] byte-compiling /home/connor/paraceptor/install/paraceptor/lib/python3.10/site-packages/px4_offboard/recon_drone_path.py to recon_drone_path.cpython-310.pyc
[0.675s] running install_data
[0.675s] copying resource/px4_offboard -> /home/connor/paraceptor/install/paraceptor/share/ament_index/resource_index/packages
[0.675s] copying resource/visualize.rviz -> /home/connor/paraceptor/install/paraceptor/share/ament_index/resource_index/packages
[0.675s] creating /home/connor/paraceptor/install/paraceptor/share/px4_offboard
[0.675s] copying package.xml -> /home/connor/paraceptor/install/paraceptor/share/px4_offboard
[0.676s] copying launch/offboard_hardware_position_control.launch.py -> /home/connor/paraceptor/install/paraceptor/share/px4_offboard
[0.676s] copying launch/visualize.launch.py -> /home/connor/paraceptor/install/paraceptor/share/px4_offboard
[0.676s] copying launch/offboard_position_control.launch.py -> /home/connor/paraceptor/install/paraceptor/share/px4_offboard
[0.676s] copying resource/visualize.rviz -> /home/connor/paraceptor/install/paraceptor/share/px4_offboard
[0.676s] running install_egg_info
[0.685s] Copying build/paraceptor/px4_offboard.egg-info to /home/connor/paraceptor/install/paraceptor/lib/python3.10/site-packages/px4_offboard-0.0.0-py3.10.egg-info
[0.686s] running install_scripts
[0.762s] Installing offboard_control script to /home/connor/paraceptor/install/paraceptor/lib/px4_offboard
[0.762s] Installing recon_drone_path script to /home/connor/paraceptor/install/paraceptor/lib/px4_offboard
[0.762s] Installing visualizer script to /home/connor/paraceptor/install/paraceptor/lib/px4_offboard
[0.762s] writing list of installed files to '/home/connor/paraceptor/build/paraceptor/install.log'
[0.781s] Invoked command in '/home/connor/paraceptor' returned '0': PYTHONPATH=/home/connor/paraceptor/build/paraceptor/prefix_override:/home/connor/paraceptor/install/paraceptor/lib/python3.10/site-packages:${PYTHONPATH} /usr/bin/python3 -W ignore:setup.py install is deprecated setup.py egg_info --egg-base build/paraceptor build --build-base /home/connor/paraceptor/build/paraceptor/build install --record /home/connor/paraceptor/build/paraceptor/install.log --single-version-externally-managed install_data
