/home/connor/px4-offboard/install/px4_offboard/lib/python3.10/site-packages/px4_offboard/offboard_control.py
/home/connor/px4-offboard/install/px4_offboard/lib/python3.10/site-packages/px4_offboard/__init__.py
/home/connor/px4-offboard/install/px4_offboard/lib/python3.10/site-packages/px4_offboard/visualizer.py
/home/connor/px4-offboard/install/px4_offboard/lib/python3.10/site-packages/px4_offboard/offboard_control_waypoint.py
/home/connor/px4-offboard/install/px4_offboard/lib/python3.10/site-packages/px4_offboard/__pycache__/offboard_control.cpython-310.pyc
/home/connor/px4-offboard/install/px4_offboard/lib/python3.10/site-packages/px4_offboard/__pycache__/__init__.cpython-310.pyc
/home/connor/px4-offboard/install/px4_offboard/lib/python3.10/site-packages/px4_offboard/__pycache__/visualizer.cpython-310.pyc
/home/connor/px4-offboard/install/px4_offboard/lib/python3.10/site-packages/px4_offboard/__pycache__/offboard_control_waypoint.cpython-310.pyc
/home/connor/px4-offboard/install/px4_offboard/share/ament_index/resource_index/packages/px4_offboard
/home/connor/px4-offboard/install/px4_offboard/share/ament_index/resource_index/packages/visualize.rviz
/home/connor/px4-offboard/install/px4_offboard/share/px4_offboard/package.xml
/home/connor/px4-offboard/install/px4_offboard/share/px4_offboard/offboard_hardware_position_control.launch.py
/home/connor/px4-offboard/install/px4_offboard/share/px4_offboard/visualize.launch.py
/home/connor/px4-offboard/install/px4_offboard/share/px4_offboard/offboard_position_control.launch.py
/home/connor/px4-offboard/install/px4_offboard/share/px4_offboard/visualize.rviz
/home/connor/px4-offboard/install/px4_offboard/lib/python3.10/site-packages/px4_offboard-0.0.0-py3.10.egg-info/SOURCES.txt
/home/connor/px4-offboard/install/px4_offboard/lib/python3.10/site-packages/px4_offboard-0.0.0-py3.10.egg-info/zip-safe
/home/connor/px4-offboard/install/px4_offboard/lib/python3.10/site-packages/px4_offboard-0.0.0-py3.10.egg-info/entry_points.txt
/home/connor/px4-offboard/install/px4_offboard/lib/python3.10/site-packages/px4_offboard-0.0.0-py3.10.egg-info/requires.txt
/home/connor/px4-offboard/install/px4_offboard/lib/python3.10/site-packages/px4_offboard-0.0.0-py3.10.egg-info/PKG-INFO
/home/connor/px4-offboard/install/px4_offboard/lib/python3.10/site-packages/px4_offboard-0.0.0-py3.10.egg-info/dependency_links.txt
/home/connor/px4-offboard/install/px4_offboard/lib/python3.10/site-packages/px4_offboard-0.0.0-py3.10.egg-info/top_level.txt
/home/connor/px4-offboard/install/px4_offboard/lib/px4_offboard/offboard_control_waypoint
/home/connor/px4-offboard/install/px4_offboard/lib/px4_offboard/visualizer
