[2.445s] DEBUG:colcon:Command line arguments: ['/usr/bin/colcon', 'build', '--packages-select', 'px4_offboard']
[2.445s] DEBUG:colcon:Parsed command line arguments: Namespace(log_base=None, log_level=None, verb_name='build', build_base='build', install_base='install', merge_install=False, symlink_install=False, test_result_base=None, continue_on_error=False, executor='parallel', parallel_workers=12, event_handlers=None, ignore_user_meta=False, metas=['./colcon.meta'], base_paths=['.'], packages_ignore=None, packages_ignore_regex=None, paths=None, packages_up_to=None, packages_up_to_regex=None, packages_above=None, packages_above_and_dependencies=None, packages_above_depth=None, packages_select_by_dep=None, packages_skip_by_dep=None, packages_skip_up_to=None, packages_select_build_failed=False, packages_skip_build_finished=False, packages_select_test_failures=False, packages_skip_test_passed=False, packages_select=['px4_offboard'], packages_skip=None, packages_select_regex=None, packages_skip_regex=None, packages_start=None, packages_end=None, allow_overriding=[], cmake_args=None, cmake_target=None, cmake_target_skip_unavailable=False, cmake_clean_cache=False, cmake_clean_first=False, cmake_force_configure=False, ament_cmake_args=None, catkin_cmake_args=None, catkin_skip_building_tests=False, mixin_files=None, mixin=None, verb_parser=<colcon_mixin.mixin.mixin_argument.MixinArgumentDecorator object at 0x79c8765ee710>, verb_extension=<colcon_core.verb.build.BuildVerb object at 0x79c8766e2cb0>, main=<bound method BuildVerb.main of <colcon_core.verb.build.BuildVerb object at 0x79c8766e2cb0>>, mixin_verb=('build',))
[5.520s] Level 1:colcon.colcon_core.package_discovery:discover_packages(colcon_meta) check parameters
[5.521s] Level 1:colcon.colcon_core.package_discovery:discover_packages(recursive) check parameters
[5.521s] Level 1:colcon.colcon_core.package_discovery:discover_packages(ignore) check parameters
[5.521s] Level 1:colcon.colcon_core.package_discovery:discover_packages(path) check parameters
[5.521s] Level 1:colcon.colcon_core.package_discovery:discover_packages(colcon_meta) discover
[5.521s] Level 1:colcon.colcon_core.package_discovery:discover_packages(recursive) discover
[5.521s] INFO:colcon.colcon_core.package_discovery:Crawling recursively for packages in '/home/connor/px4-offboard'
[5.521s] Level 1:colcon.colcon_core.package_identification:_identify(.) by extensions ['ignore', 'ignore_ament_install']
[5.522s] Level 1:colcon.colcon_core.package_identification:_identify(.) by extension 'ignore'
[5.522s] Level 1:colcon.colcon_core.package_identification:_identify(.) by extension 'ignore_ament_install'
[5.522s] Level 1:colcon.colcon_core.package_identification:_identify(.) by extensions ['colcon_pkg']
[5.522s] Level 1:colcon.colcon_core.package_identification:_identify(.) by extension 'colcon_pkg'
[5.522s] Level 1:colcon.colcon_core.package_identification:_identify(.) by extensions ['colcon_meta']
[5.522s] Level 1:colcon.colcon_core.package_identification:_identify(.) by extension 'colcon_meta'
[5.522s] Level 1:colcon.colcon_core.package_identification:_identify(.) by extensions ['ros']
[5.522s] Level 1:colcon.colcon_core.package_identification:_identify(.) by extension 'ros'
[6.299s] DEBUG:colcon.colcon_core.package_identification:Package '.' with type 'ros.ament_python' and name 'px4_offboard'
[6.299s] Level 1:colcon.colcon_core.package_discovery:discover_packages(recursive) using defaults
[6.299s] Level 1:colcon.colcon_core.package_discovery:discover_packages(ignore) discover
[6.299s] Level 1:colcon.colcon_core.package_discovery:discover_packages(ignore) using defaults
[6.299s] Level 1:colcon.colcon_core.package_discovery:discover_packages(path) discover
[6.299s] Level 1:colcon.colcon_core.package_discovery:discover_packages(path) using defaults
[7.197s] Level 1:colcon.colcon_core.package_discovery:discover_packages(prefix_path) check parameters
[7.197s] Level 1:colcon.colcon_core.package_discovery:discover_packages(prefix_path) discover
[7.199s] DEBUG:colcon.colcon_installed_package_information.package_discovery:Found 309 installed packages in /opt/ros/humble
[7.200s] Level 1:colcon.colcon_core.package_discovery:discover_packages(prefix_path) using defaults
[7.275s] Level 5:colcon.colcon_core.verb:set package 'px4_offboard' build argument 'cmake_args' from command line to 'None'
[7.275s] Level 5:colcon.colcon_core.verb:set package 'px4_offboard' build argument 'cmake_target' from command line to 'None'
[7.275s] Level 5:colcon.colcon_core.verb:set package 'px4_offboard' build argument 'cmake_target_skip_unavailable' from command line to 'False'
[7.275s] Level 5:colcon.colcon_core.verb:set package 'px4_offboard' build argument 'cmake_clean_cache' from command line to 'False'
[7.275s] Level 5:colcon.colcon_core.verb:set package 'px4_offboard' build argument 'cmake_clean_first' from command line to 'False'
[7.275s] Level 5:colcon.colcon_core.verb:set package 'px4_offboard' build argument 'cmake_force_configure' from command line to 'False'
[7.275s] Level 5:colcon.colcon_core.verb:set package 'px4_offboard' build argument 'ament_cmake_args' from command line to 'None'
[7.275s] Level 5:colcon.colcon_core.verb:set package 'px4_offboard' build argument 'catkin_cmake_args' from command line to 'None'
[7.275s] Level 5:colcon.colcon_core.verb:set package 'px4_offboard' build argument 'catkin_skip_building_tests' from command line to 'False'
[7.275s] DEBUG:colcon.colcon_core.verb:Building package 'px4_offboard' with the following arguments: {'ament_cmake_args': None, 'build_base': '/home/connor/px4-offboard/build/px4_offboard', 'catkin_cmake_args': None, 'catkin_skip_building_tests': False, 'cmake_args': None, 'cmake_clean_cache': False, 'cmake_clean_first': False, 'cmake_force_configure': False, 'cmake_target': None, 'cmake_target_skip_unavailable': False, 'install_base': '/home/connor/px4-offboard/install/px4_offboard', 'merge_install': False, 'path': '/home/connor/px4-offboard', 'symlink_install': False, 'test_result_base': None}
[7.275s] INFO:colcon.colcon_core.executor:Executing jobs using 'parallel' executor
[7.276s] DEBUG:colcon.colcon_parallel_executor.executor.parallel:run_until_complete
[7.276s] INFO:colcon.colcon_ros.task.ament_python.build:Building ROS package in '/home/connor/px4-offboard' with build type 'ament_python'
[7.276s] Level 1:colcon.colcon_core.shell:create_environment_hook('px4_offboard', 'ament_prefix_path')
[7.381s] INFO:colcon.colcon_core.plugin_system:Skipping extension 'colcon_core.shell.bat': Not used on non-Windows systems
[7.382s] INFO:colcon.colcon_core.shell:Creating environment hook '/home/connor/px4-offboard/install/px4_offboard/share/px4_offboard/hook/ament_prefix_path.ps1'
[7.383s] INFO:colcon.colcon_core.shell:Creating environment descriptor '/home/connor/px4-offboard/install/px4_offboard/share/px4_offboard/hook/ament_prefix_path.dsv'
[7.384s] INFO:colcon.colcon_core.shell:Creating environment hook '/home/connor/px4-offboard/install/px4_offboard/share/px4_offboard/hook/ament_prefix_path.sh'
[7.386s] INFO:colcon.colcon_core.shell:Skip shell extension 'powershell' for command environment: Not usable outside of PowerShell
[7.386s] DEBUG:colcon.colcon_core.shell:Skip shell extension 'dsv' for command environment
[7.598s] INFO:colcon.colcon_core.task.python.build:Building Python package in '/home/connor/px4-offboard'
[7.598s] INFO:colcon.colcon_core.shell:Skip shell extension 'powershell' for command environment: Not usable outside of PowerShell
[7.598s] DEBUG:colcon.colcon_core.shell:Skip shell extension 'dsv' for command environment
[10.253s] DEBUG:colcon.colcon_core.event_handler.log_command:Invoking command in '/home/connor/px4-offboard': PYTHONPATH=/home/connor/px4-offboard/build/px4_offboard/prefix_override:/home/connor/px4-offboard/install/px4_offboard/lib/python3.10/site-packages:${PYTHONPATH} /usr/bin/python3 -W ignore:setup.py install is deprecated setup.py egg_info --egg-base build/px4_offboard build --build-base /home/connor/px4-offboard/build/px4_offboard/build install --record /home/connor/px4-offboard/build/px4_offboard/install.log --single-version-externally-managed install_data
[10.538s] DEBUG:colcon.colcon_core.event_handler.log_command:Invoked command in '/home/connor/px4-offboard' returned '0': PYTHONPATH=/home/connor/px4-offboard/build/px4_offboard/prefix_override:/home/connor/px4-offboard/install/px4_offboard/lib/python3.10/site-packages:${PYTHONPATH} /usr/bin/python3 -W ignore:setup.py install is deprecated setup.py egg_info --egg-base build/px4_offboard build --build-base /home/connor/px4-offboard/build/px4_offboard/build install --record /home/connor/px4-offboard/build/px4_offboard/install.log --single-version-externally-managed install_data
[10.726s] Level 1:colcon.colcon_core.environment:checking '/home/connor/px4-offboard/install/px4_offboard' for CMake module files
[10.727s] Level 1:colcon.colcon_core.environment:checking '/home/connor/px4-offboard/install/px4_offboard' for CMake config files
[10.729s] Level 1:colcon.colcon_core.environment:checking '/home/connor/px4-offboard/install/px4_offboard/lib'
[10.730s] Level 1:colcon.colcon_core.environment:checking '/home/connor/px4-offboard/install/px4_offboard/bin'
[10.730s] Level 1:colcon.colcon_core.environment:checking '/home/connor/px4-offboard/install/px4_offboard/lib/pkgconfig/px4_offboard.pc'
[10.731s] Level 1:colcon.colcon_core.environment:checking '/home/connor/px4-offboard/install/px4_offboard/lib/python3.10/site-packages'
[10.732s] Level 1:colcon.colcon_core.shell:create_environment_hook('px4_offboard', 'pythonpath')
[10.732s] INFO:colcon.colcon_core.shell:Creating environment hook '/home/connor/px4-offboard/install/px4_offboard/share/px4_offboard/hook/pythonpath.ps1'
[10.734s] INFO:colcon.colcon_core.shell:Creating environment descriptor '/home/connor/px4-offboard/install/px4_offboard/share/px4_offboard/hook/pythonpath.dsv'
[10.735s] INFO:colcon.colcon_core.shell:Creating environment hook '/home/connor/px4-offboard/install/px4_offboard/share/px4_offboard/hook/pythonpath.sh'
[10.737s] Level 1:colcon.colcon_core.environment:checking '/home/connor/px4-offboard/install/px4_offboard/bin'
[10.737s] Level 1:colcon.colcon_core.environment:create_environment_scripts_only(px4_offboard)
[10.738s] INFO:colcon.colcon_core.shell:Creating package script '/home/connor/px4-offboard/install/px4_offboard/share/px4_offboard/package.ps1'
[10.740s] INFO:colcon.colcon_core.shell:Creating package descriptor '/home/connor/px4-offboard/install/px4_offboard/share/px4_offboard/package.dsv'
[10.741s] INFO:colcon.colcon_core.shell:Creating package script '/home/connor/px4-offboard/install/px4_offboard/share/px4_offboard/package.sh'
[10.742s] INFO:colcon.colcon_core.shell:Creating package script '/home/connor/px4-offboard/install/px4_offboard/share/px4_offboard/package.bash'
[10.743s] INFO:colcon.colcon_core.shell:Creating package script '/home/connor/px4-offboard/install/px4_offboard/share/px4_offboard/package.zsh'
[10.744s] Level 1:colcon.colcon_core.environment:create_file_with_runtime_dependencies(/home/connor/px4-offboard/install/px4_offboard/share/colcon-core/packages/px4_offboard)
[10.744s] DEBUG:colcon.colcon_parallel_executor.executor.parallel:closing loop
[10.744s] DEBUG:colcon.colcon_parallel_executor.executor.parallel:loop closed
[10.744s] DEBUG:colcon.colcon_parallel_executor.executor.parallel:run_until_complete finished with '0'
[10.744s] DEBUG:colcon.colcon_core.event_reactor:joining thread
[10.854s] INFO:colcon.colcon_core.plugin_system:Skipping extension 'colcon_notification.desktop_notification.terminal_notifier': Not used on non-Darwin systems
[10.854s] INFO:colcon.colcon_core.plugin_system:Skipping extension 'colcon_notification.desktop_notification.win32': Not used on non-Windows systems
[10.854s] INFO:colcon.colcon_notification.desktop_notification:Sending desktop notification using 'notify2'
[10.874s] DEBUG:colcon.colcon_core.event_reactor:joined thread
[10.874s] INFO:colcon.colcon_core.shell:Creating prefix script '/home/connor/px4-offboard/install/local_setup.ps1'
[10.876s] INFO:colcon.colcon_core.shell:Creating prefix util module '/home/connor/px4-offboard/install/_local_setup_util_ps1.py'
[10.878s] INFO:colcon.colcon_core.shell:Creating prefix chain script '/home/connor/px4-offboard/install/setup.ps1'
[10.879s] INFO:colcon.colcon_core.shell:Creating prefix script '/home/connor/px4-offboard/install/local_setup.sh'
[10.879s] INFO:colcon.colcon_core.shell:Creating prefix util module '/home/connor/px4-offboard/install/_local_setup_util_sh.py'
[10.880s] INFO:colcon.colcon_core.shell:Creating prefix chain script '/home/connor/px4-offboard/install/setup.sh'
[10.881s] INFO:colcon.colcon_core.shell:Creating prefix script '/home/connor/px4-offboard/install/local_setup.bash'
[10.881s] INFO:colcon.colcon_core.shell:Creating prefix chain script '/home/connor/px4-offboard/install/setup.bash'
[10.882s] INFO:colcon.colcon_core.shell:Creating prefix script '/home/connor/px4-offboard/install/local_setup.zsh'
[10.882s] INFO:colcon.colcon_core.shell:Creating prefix chain script '/home/connor/px4-offboard/install/setup.zsh'
