[0.906s] Invoking command in '/home/connor/paraceptor': PYTHONPATH=/home/connor/paraceptor/build/px4_offboard/prefix_override:/home/connor/paraceptor/install/px4_offboard/lib/python3.10/site-packages:${PYTHONPATH} /usr/bin/python3 -W ignore:setup.py install is deprecated setup.py egg_info --egg-base build/px4_offboard build --build-base /home/connor/paraceptor/build/px4_offboard/build install --record /home/connor/paraceptor/build/px4_offboard/install.log --single-version-externally-managed install_data
[1.210s] running egg_info
[1.217s] writing build/px4_offboard/px4_offboard.egg-info/PKG-INFO
[1.217s] writing dependency_links to build/px4_offboard/px4_offboard.egg-info/dependency_links.txt
[1.217s] writing entry points to build/px4_offboard/px4_offboard.egg-info/entry_points.txt
[1.217s] writing requirements to build/px4_offboard/px4_offboard.egg-info/requires.txt
[1.217s] writing top-level names to build/px4_offboard/px4_offboard.egg-info/top_level.txt
[1.232s] reading manifest file 'build/px4_offboard/px4_offboard.egg-info/SOURCES.txt'
[1.233s] writing manifest file 'build/px4_offboard/px4_offboard.egg-info/SOURCES.txt'
[1.233s] running build
[1.233s] running build_py
[1.233s] copying px4_offboard/offboard_control.py -> /home/connor/paraceptor/build/px4_offboard/build/lib/px4_offboard
[1.233s] copying px4_offboard/__init__.py -> /home/connor/paraceptor/build/px4_offboard/build/lib/px4_offboard
[1.233s] copying px4_offboard/velocity_control.py -> /home/connor/paraceptor/build/px4_offboard/build/lib/px4_offboard
[1.233s] copying px4_offboard/visualizer.py -> /home/connor/paraceptor/build/px4_offboard/build/lib/px4_offboard
[1.233s] running install
[1.238s] running install_lib
[1.245s] copying /home/connor/paraceptor/build/px4_offboard/build/lib/px4_offboard/offboard_control.py -> /home/connor/paraceptor/install/px4_offboard/lib/python3.10/site-packages/px4_offboard
[1.245s] writing byte-compilation script '/tmp/tmpoall8ph2.py'
[1.245s] /usr/bin/python3 -O /tmp/tmpoall8ph2.py
[1.501s] removing /tmp/tmpoall8ph2.py
[1.501s] running install_data
[1.501s] copying resource/px4_offboard -> /home/connor/paraceptor/install/px4_offboard/share/ament_index/resource_index/packages
[1.501s] copying resource/visualize.rviz -> /home/connor/paraceptor/install/px4_offboard/share/ament_index/resource_index/packages
[1.501s] copying package.xml -> /home/connor/paraceptor/install/px4_offboard/share/px4_offboard
[1.502s] copying launch/offboard_hardware_position_control.launch.py -> /home/connor/paraceptor/install/px4_offboard/share/px4_offboard
[1.502s] copying launch/visualize.launch.py -> /home/connor/paraceptor/install/px4_offboard/share/px4_offboard
[1.502s] copying launch/offboard_position_control.launch.py -> /home/connor/paraceptor/install/px4_offboard/share/px4_offboard
[1.502s] copying resource/visualize.rviz -> /home/connor/paraceptor/install/px4_offboard/share/px4_offboard
[1.502s] running install_egg_info
[1.518s] removing '/home/connor/paraceptor/install/px4_offboard/lib/python3.10/site-packages/px4_offboard-0.0.0-py3.10.egg-info' (and everything under it)
[1.518s] Copying build/px4_offboard/px4_offboard.egg-info to /home/connor/paraceptor/install/px4_offboard/lib/python3.10/site-packages/px4_offboard-0.0.0-py3.10.egg-info
[1.519s] running install_scripts
[1.599s] Installing offboard_control script to /home/connor/paraceptor/install/px4_offboard/lib/px4_offboard
[1.599s] Installing visualizer script to /home/connor/paraceptor/install/px4_offboard/lib/px4_offboard
[1.599s] writing list of installed files to '/home/connor/paraceptor/build/px4_offboard/install.log'
[1.614s] Invoked command in '/home/connor/paraceptor' returned '0': PYTHONPATH=/home/connor/paraceptor/build/px4_offboard/prefix_override:/home/connor/paraceptor/install/px4_offboard/lib/python3.10/site-packages:${PYTHONPATH} /usr/bin/python3 -W ignore:setup.py install is deprecated setup.py egg_info --egg-base build/px4_offboard build --build-base /home/connor/paraceptor/build/px4_offboard/build install --record /home/connor/paraceptor/build/px4_offboard/install.log --single-version-externally-managed install_data
