[3.479s] Invoking command in '/home/connor/paraceptor': PYTHONPATH=/home/connor/paraceptor/build/px4_offboard/prefix_override:/home/connor/paraceptor/install/px4_offboard/lib/python3.10/site-packages:${PYTHONPATH} /usr/bin/python3 -W ignore:setup.py install is deprecated setup.py egg_info --egg-base build/px4_offboard build --build-base /home/connor/paraceptor/build/px4_offboard/build install --record /home/connor/paraceptor/build/px4_offboard/install.log --single-version-externally-managed install_data
[3.825s] running egg_info
[3.833s] writing build/px4_offboard/px4_offboard.egg-info/PKG-INFO
[3.833s] writing dependency_links to build/px4_offboard/px4_offboard.egg-info/dependency_links.txt
[3.833s] writing entry points to build/px4_offboard/px4_offboard.egg-info/entry_points.txt
[3.833s] writing requirements to build/px4_offboard/px4_offboard.egg-info/requires.txt
[3.833s] writing top-level names to build/px4_offboard/px4_offboard.egg-info/top_level.txt
[3.850s] reading manifest file 'build/px4_offboard/px4_offboard.egg-info/SOURCES.txt'
[3.870s] writing manifest file 'build/px4_offboard/px4_offboard.egg-info/SOURCES.txt'
[3.870s] running build
[3.870s] running build_py
[3.870s] copying px4_offboard/offboard_control.py -> /home/connor/paraceptor/build/px4_offboard/build/lib/px4_offboard
[3.870s] copying px4_offboard/__init__.py -> /home/connor/paraceptor/build/px4_offboard/build/lib/px4_offboard
[3.871s] copying px4_offboard/velocity_control.py -> /home/connor/paraceptor/build/px4_offboard/build/lib/px4_offboard
[3.871s] copying px4_offboard/visualizer.py -> /home/connor/paraceptor/build/px4_offboard/build/lib/px4_offboard
[3.871s] running install
[3.876s] running install_lib
[3.884s] copying /home/connor/paraceptor/build/px4_offboard/build/lib/px4_offboard/offboard_control.py -> /home/connor/paraceptor/install/px4_offboard/lib/python3.10/site-packages/px4_offboard
[3.885s] writing byte-compilation script '/tmp/tmpgvnu9igl.py'
[3.885s] /usr/bin/python3 -O /tmp/tmpgvnu9igl.py
[4.188s] removing /tmp/tmpgvnu9igl.py
[4.188s] running install_data
[4.188s] copying resource/px4_offboard -> /home/connor/paraceptor/install/px4_offboard/share/ament_index/resource_index/packages
[4.188s] copying resource/visualize.rviz -> /home/connor/paraceptor/install/px4_offboard/share/ament_index/resource_index/packages
[4.215s] copying package.xml -> /home/connor/paraceptor/install/px4_offboard/share/px4_offboard
[4.215s] copying launch/offboard_hardware_position_control.launch.py -> /home/connor/paraceptor/install/px4_offboard/share/px4_offboard
[4.215s] copying launch/visualize.launch.py -> /home/connor/paraceptor/install/px4_offboard/share/px4_offboard
[4.216s] copying launch/offboard_position_control.launch.py -> /home/connor/paraceptor/install/px4_offboard/share/px4_offboard
[4.216s] copying resource/visualize.rviz -> /home/connor/paraceptor/install/px4_offboard/share/px4_offboard
[4.216s] running install_egg_info
[4.236s] removing '/home/connor/paraceptor/install/px4_offboard/lib/python3.10/site-packages/px4_offboard-0.0.0-py3.10.egg-info' (and everything under it)
[4.236s] Copying build/px4_offboard/px4_offboard.egg-info to /home/connor/paraceptor/install/px4_offboard/lib/python3.10/site-packages/px4_offboard-0.0.0-py3.10.egg-info
[4.257s] running install_scripts
[4.356s] Installing offboard_control script to /home/connor/paraceptor/install/px4_offboard/lib/px4_offboard
[4.356s] Installing visualizer script to /home/connor/paraceptor/install/px4_offboard/lib/px4_offboard
[4.356s] writing list of installed files to '/home/connor/paraceptor/build/px4_offboard/install.log'
[4.375s] Invoked command in '/home/connor/paraceptor' returned '0': PYTHONPATH=/home/connor/paraceptor/build/px4_offboard/prefix_override:/home/connor/paraceptor/install/px4_offboard/lib/python3.10/site-packages:${PYTHONPATH} /usr/bin/python3 -W ignore:setup.py install is deprecated setup.py egg_info --egg-base build/px4_offboard build --build-base /home/connor/paraceptor/build/px4_offboard/build install --record /home/connor/paraceptor/build/px4_offboard/install.log --single-version-externally-managed install_data
