running egg_info
writing build/px4_offboard/px4_offboard.egg-info/PKG-INFO
writing dependency_links to build/px4_offboard/px4_offboard.egg-info/dependency_links.txt
writing entry points to build/px4_offboard/px4_offboard.egg-info/entry_points.txt
writing requirements to build/px4_offboard/px4_offboard.egg-info/requires.txt
writing top-level names to build/px4_offboard/px4_offboard.egg-info/top_level.txt
reading manifest file 'build/px4_offboard/px4_offboard.egg-info/SOURCES.txt'
adding license file 'LICENSE'
writing manifest file 'build/px4_offboard/px4_offboard.egg-info/SOURCES.txt'
running build
running build_py
copying px4_offboard/offboard_control.py -> /home/connor/px4-offboard/build/px4_offboard/build/lib/px4_offboard
copying px4_offboard/__init__.py -> /home/connor/px4-offboard/build/px4_offboard/build/lib/px4_offboard
copying px4_offboard/visualizer.py -> /home/connor/px4-offboard/build/px4_offboard/build/lib/px4_offboard
copying px4_offboard/offboard_control_waypoint.py -> /home/connor/px4-offboard/build/px4_offboard/build/lib/px4_offboard
running install
running install_lib
copying /home/connor/px4-offboard/build/px4_offboard/build/lib/px4_offboard/offboard_control_waypoint.py -> /home/connor/px4-offboard/install/px4_offboard/lib/python3.10/site-packages/px4_offboard
byte-compiling /home/connor/px4-offboard/install/px4_offboard/lib/python3.10/site-packages/px4_offboard/offboard_control_waypoint.py to offboard_control_waypoint.cpython-310.pyc
running install_data
copying resource/px4_offboard -> /home/connor/px4-offboard/install/px4_offboard/share/ament_index/resource_index/packages
copying resource/visualize.rviz -> /home/connor/px4-offboard/install/px4_offboard/share/ament_index/resource_index/packages
copying package.xml -> /home/connor/px4-offboard/install/px4_offboard/share/px4_offboard
copying launch/offboard_hardware_position_control.launch.py -> /home/connor/px4-offboard/install/px4_offboard/share/px4_offboard
copying launch/visualize.launch.py -> /home/connor/px4-offboard/install/px4_offboard/share/px4_offboard
copying launch/offboard_position_control.launch.py -> /home/connor/px4-offboard/install/px4_offboard/share/px4_offboard
copying resource/visualize.rviz -> /home/connor/px4-offboard/install/px4_offboard/share/px4_offboard
running install_egg_info
removing '/home/connor/px4-offboard/install/px4_offboard/lib/python3.10/site-packages/px4_offboard-0.0.0-py3.10.egg-info' (and everything under it)
Copying build/px4_offboard/px4_offboard.egg-info to /home/connor/px4-offboard/install/px4_offboard/lib/python3.10/site-packages/px4_offboard-0.0.0-py3.10.egg-info
running install_scripts
Installing offboard_control_waypoint script to /home/connor/px4-offboard/install/px4_offboard/lib/px4_offboard
Installing visualizer script to /home/connor/px4-offboard/install/px4_offboard/lib/px4_offboard
writing list of installed files to '/home/connor/px4-offboard/build/px4_offboard/install.log'
