[2.977s] Invoking command in '/home/connor/px4-offboard': PYTHONPATH=/home/connor/px4-offboard/build/px4_offboard/prefix_override:/home/connor/px4-offboard/install/px4_offboard/lib/python3.10/site-packages:${PYTHONPATH} /usr/bin/python3 -W ignore:setup.py install is deprecated setup.py egg_info --egg-base build/px4_offboard build --build-base /home/connor/px4-offboard/build/px4_offboard/build install --record /home/connor/px4-offboard/build/px4_offboard/install.log --single-version-externally-managed install_data
[3.138s] running egg_info
[3.145s] writing build/px4_offboard/px4_offboard.egg-info/PKG-INFO
[3.145s] writing dependency_links to build/px4_offboard/px4_offboard.egg-info/dependency_links.txt
[3.145s] writing entry points to build/px4_offboard/px4_offboard.egg-info/entry_points.txt
[3.145s] writing requirements to build/px4_offboard/px4_offboard.egg-info/requires.txt
[3.145s] writing top-level names to build/px4_offboard/px4_offboard.egg-info/top_level.txt
[3.160s] reading manifest file 'build/px4_offboard/px4_offboard.egg-info/SOURCES.txt'
[3.160s] adding license file 'LICENSE'
[3.160s] writing manifest file 'build/px4_offboard/px4_offboard.egg-info/SOURCES.txt'
[3.160s] running build
[3.160s] running build_py
[3.160s] copying px4_offboard/offboard_control.py -> /home/connor/px4-offboard/build/px4_offboard/build/lib/px4_offboard
[3.161s] copying px4_offboard/__init__.py -> /home/connor/px4-offboard/build/px4_offboard/build/lib/px4_offboard
[3.161s] copying px4_offboard/visualizer.py -> /home/connor/px4-offboard/build/px4_offboard/build/lib/px4_offboard
[3.161s] copying px4_offboard/offboard_control_waypoint.py -> /home/connor/px4-offboard/build/px4_offboard/build/lib/px4_offboard
[3.161s] running install
[3.164s] running install_lib
[3.172s] copying /home/connor/px4-offboard/build/px4_offboard/build/lib/px4_offboard/offboard_control_waypoint.py -> /home/connor/px4-offboard/install/px4_offboard/lib/python3.10/site-packages/px4_offboard
[3.172s] byte-compiling /home/connor/px4-offboard/install/px4_offboard/lib/python3.10/site-packages/px4_offboard/offboard_control_waypoint.py to offboard_control_waypoint.cpython-310.pyc
[3.173s] running install_data
[3.173s] copying resource/px4_offboard -> /home/connor/px4-offboard/install/px4_offboard/share/ament_index/resource_index/packages
[3.173s] copying resource/visualize.rviz -> /home/connor/px4-offboard/install/px4_offboard/share/ament_index/resource_index/packages
[3.173s] copying package.xml -> /home/connor/px4-offboard/install/px4_offboard/share/px4_offboard
[3.173s] copying launch/offboard_hardware_position_control.launch.py -> /home/connor/px4-offboard/install/px4_offboard/share/px4_offboard
[3.173s] copying launch/visualize.launch.py -> /home/connor/px4-offboard/install/px4_offboard/share/px4_offboard
[3.173s] copying launch/offboard_position_control.launch.py -> /home/connor/px4-offboard/install/px4_offboard/share/px4_offboard
[3.173s] copying resource/visualize.rviz -> /home/connor/px4-offboard/install/px4_offboard/share/px4_offboard
[3.173s] running install_egg_info
[3.181s] removing '/home/connor/px4-offboard/install/px4_offboard/lib/python3.10/site-packages/px4_offboard-0.0.0-py3.10.egg-info' (and everything under it)
[3.181s] Copying build/px4_offboard/px4_offboard.egg-info to /home/connor/px4-offboard/install/px4_offboard/lib/python3.10/site-packages/px4_offboard-0.0.0-py3.10.egg-info
[3.181s] running install_scripts
[3.246s] Installing offboard_control_waypoint script to /home/connor/px4-offboard/install/px4_offboard/lib/px4_offboard
[3.246s] Installing visualizer script to /home/connor/px4-offboard/install/px4_offboard/lib/px4_offboard
[3.247s] writing list of installed files to '/home/connor/px4-offboard/build/px4_offboard/install.log'
[3.261s] Invoked command in '/home/connor/px4-offboard' returned '0': PYTHONPATH=/home/connor/px4-offboard/build/px4_offboard/prefix_override:/home/connor/px4-offboard/install/px4_offboard/lib/python3.10/site-packages:${PYTHONPATH} /usr/bin/python3 -W ignore:setup.py install is deprecated setup.py egg_info --egg-base build/px4_offboard build --build-base /home/connor/px4-offboard/build/px4_offboard/build install --record /home/connor/px4-offboard/build/px4_offboard/install.log --single-version-externally-managed install_data
