running egg_info
writing build/px4_offboard/px4_offboard.egg-info/PKG-INFO
writing dependency_links to build/px4_offboard/px4_offboard.egg-info/dependency_links.txt
writing entry points to build/px4_offboard/px4_offboard.egg-info/entry_points.txt
writing requirements to build/px4_offboard/px4_offboard.egg-info/requires.txt
writing top-level names to build/px4_offboard/px4_offboard.egg-info/top_level.txt
reading manifest file 'build/px4_offboard/px4_offboard.egg-info/SOURCES.txt'
writing manifest file 'build/px4_offboard/px4_offboard.egg-info/SOURCES.txt'
running build
running build_py
copying px4_offboard/offboard_control.py -> /home/connor/paraceptor/build/px4_offboard/build/lib/px4_offboard
copying px4_offboard/__init__.py -> /home/connor/paraceptor/build/px4_offboard/build/lib/px4_offboard
copying px4_offboard/visualizer.py -> /home/connor/paraceptor/build/px4_offboard/build/lib/px4_offboard
running install
running install_lib
copying /home/connor/paraceptor/build/px4_offboard/build/lib/px4_offboard/offboard_control.py -> /home/connor/paraceptor/install/px4_offboard/lib/python3.10/site-packages/px4_offboard
writing byte-compilation script '/tmp/tmp7t2iz4w7.py'
/usr/bin/python3 -O /tmp/tmp7t2iz4w7.py
removing /tmp/tmp7t2iz4w7.py
running install_data
copying resource/px4_offboard -> /home/connor/paraceptor/install/px4_offboard/share/ament_index/resource_index/packages
copying resource/visualize.rviz -> /home/connor/paraceptor/install/px4_offboard/share/ament_index/resource_index/packages
