[0.935s] Invoking command in '/home/connor/px4-offboard': PYTHONPATH=/home/connor/px4-offboard/build/px4_offboard/prefix_override:/home/connor/px4-offboard/install/px4_offboard/lib/python3.10/site-packages:${PYTHONPATH} /usr/bin/python3 -W ignore:setup.py install is deprecated setup.py egg_info --egg-base build/px4_offboard build --build-base /home/connor/px4-offboard/build/px4_offboard/build install --record /home/connor/px4-offboard/build/px4_offboard/install.log --single-version-externally-managed install_data
[1.260s] running egg_info
[1.268s] writing build/px4_offboard/px4_offboard.egg-info/PKG-INFO
[1.268s] writing dependency_links to build/px4_offboard/px4_offboard.egg-info/dependency_links.txt
[1.268s] writing entry points to build/px4_offboard/px4_offboard.egg-info/entry_points.txt
[1.268s] writing requirements to build/px4_offboard/px4_offboard.egg-info/requires.txt
[1.268s] writing top-level names to build/px4_offboard/px4_offboard.egg-info/top_level.txt
[1.284s] reading manifest file 'build/px4_offboard/px4_offboard.egg-info/SOURCES.txt'
[1.284s] adding license file 'LICENSE'
[1.284s] writing manifest file 'build/px4_offboard/px4_offboard.egg-info/SOURCES.txt'
[1.285s] running build
[1.285s] running build_py
[1.285s] copying px4_offboard/offboard_control.py -> /home/connor/px4-offboard/build/px4_offboard/build/lib/px4_offboard
[1.285s] copying px4_offboard/__init__.py -> /home/connor/px4-offboard/build/px4_offboard/build/lib/px4_offboard
[1.285s] copying px4_offboard/visualizer.py -> /home/connor/px4-offboard/build/px4_offboard/build/lib/px4_offboard
[1.285s] copying px4_offboard/offboard_control_waypoint.py -> /home/connor/px4-offboard/build/px4_offboard/build/lib/px4_offboard
[1.285s] running install
[1.289s] running install_lib
[1.297s] copying /home/connor/px4-offboard/build/px4_offboard/build/lib/px4_offboard/offboard_control.py -> /home/connor/px4-offboard/install/px4_offboard/lib/python3.10/site-packages/px4_offboard
[1.297s] copying /home/connor/px4-offboard/build/px4_offboard/build/lib/px4_offboard/offboard_control_waypoint.py -> /home/connor/px4-offboard/install/px4_offboard/lib/python3.10/site-packages/px4_offboard
[1.297s] writing byte-compilation script '/tmp/tmpnazgmyhv.py'
[1.297s] /usr/bin/python3 -O /tmp/tmpnazgmyhv.py
[1.575s] removing /tmp/tmpnazgmyhv.py
[1.576s] running install_data
[1.576s] copying resource/px4_offboard -> /home/connor/px4-offboard/install/px4_offboard/share/ament_index/resource_index/packages
[1.576s] copying resource/visualize.rviz -> /home/connor/px4-offboard/install/px4_offboard/share/ament_index/resource_index/packages
[1.576s] copying package.xml -> /home/connor/px4-offboard/install/px4_offboard/share/px4_offboard
[1.576s] copying launch/offboard_hardware_position_control.launch.py -> /home/connor/px4-offboard/install/px4_offboard/share/px4_offboard
[1.576s] copying launch/visualize.launch.py -> /home/connor/px4-offboard/install/px4_offboard/share/px4_offboard
[1.576s] copying launch/offboard_position_control.launch.py -> /home/connor/px4-offboard/install/px4_offboard/share/px4_offboard
[1.576s] copying resource/visualize.rviz -> /home/connor/px4-offboard/install/px4_offboard/share/px4_offboard
[1.576s] running install_egg_info
[1.594s] removing '/home/connor/px4-offboard/install/px4_offboard/lib/python3.10/site-packages/px4_offboard-0.0.0-py3.10.egg-info' (and everything under it)
[1.594s] Copying build/px4_offboard/px4_offboard.egg-info to /home/connor/px4-offboard/install/px4_offboard/lib/python3.10/site-packages/px4_offboard-0.0.0-py3.10.egg-info
[1.595s] running install_scripts
[1.684s] Installing offboard_control script to /home/connor/px4-offboard/install/px4_offboard/lib/px4_offboard
[1.684s] Installing visualizer script to /home/connor/px4-offboard/install/px4_offboard/lib/px4_offboard
[1.684s] writing list of installed files to '/home/connor/px4-offboard/build/px4_offboard/install.log'
[1.701s] Invoked command in '/home/connor/px4-offboard' returned '0': PYTHONPATH=/home/connor/px4-offboard/build/px4_offboard/prefix_override:/home/connor/px4-offboard/install/px4_offboard/lib/python3.10/site-packages:${PYTHONPATH} /usr/bin/python3 -W ignore:setup.py install is deprecated setup.py egg_info --egg-base build/px4_offboard build --build-base /home/connor/px4-offboard/build/px4_offboard/build install --record /home/connor/px4-offboard/build/px4_offboard/install.log --single-version-externally-managed install_data
