[1.003s] Invoking command in '/home/connor/px4-offboard': PYTHONPATH=/home/connor/px4-offboard/build/px4_offboard/prefix_override:/home/connor/px4-offboard/install/px4_offboard/lib/python3.10/site-packages:${PYTHONPATH} /usr/bin/python3 -W ignore:setup.py install is deprecated setup.py egg_info --egg-base build/px4_offboard build --build-base /home/connor/px4-offboard/build/px4_offboard/build install --record /home/connor/px4-offboard/build/px4_offboard/install.log --single-version-externally-managed install_data
[1.346s] running egg_info
[1.346s] creating build/px4_offboard/px4_offboard.egg-info
[1.354s] writing build/px4_offboard/px4_offboard.egg-info/PKG-INFO
[1.354s] writing dependency_links to build/px4_offboard/px4_offboard.egg-info/dependency_links.txt
[1.354s] writing entry points to build/px4_offboard/px4_offboard.egg-info/entry_points.txt
[1.354s] writing requirements to build/px4_offboard/px4_offboard.egg-info/requires.txt
[1.354s] writing top-level names to build/px4_offboard/px4_offboard.egg-info/top_level.txt
[1.354s] writing manifest file 'build/px4_offboard/px4_offboard.egg-info/SOURCES.txt'
[1.371s] reading manifest file 'build/px4_offboard/px4_offboard.egg-info/SOURCES.txt'
[1.371s] adding license file 'LICENSE'
[1.371s] writing manifest file 'build/px4_offboard/px4_offboard.egg-info/SOURCES.txt'
[1.371s] running build
[1.372s] running build_py
[1.372s] creating /home/connor/px4-offboard/build/px4_offboard/build
[1.372s] creating /home/connor/px4-offboard/build/px4_offboard/build/lib
[1.372s] creating /home/connor/px4-offboard/build/px4_offboard/build/lib/px4_offboard
[1.372s] copying px4_offboard/offboard_control.py -> /home/connor/px4-offboard/build/px4_offboard/build/lib/px4_offboard
[1.372s] copying px4_offboard/__init__.py -> /home/connor/px4-offboard/build/px4_offboard/build/lib/px4_offboard
[1.372s] copying px4_offboard/visualizer.py -> /home/connor/px4-offboard/build/px4_offboard/build/lib/px4_offboard
[1.372s] running install
[1.376s] running install_lib
[1.385s] creating /home/connor/px4-offboard/install/px4_offboard/lib/python3.10/site-packages/px4_offboard
[1.385s] copying /home/connor/px4-offboard/build/px4_offboard/build/lib/px4_offboard/offboard_control.py -> /home/connor/px4-offboard/install/px4_offboard/lib/python3.10/site-packages/px4_offboard
[1.385s] copying /home/connor/px4-offboard/build/px4_offboard/build/lib/px4_offboard/__init__.py -> /home/connor/px4-offboard/install/px4_offboard/lib/python3.10/site-packages/px4_offboard
[1.385s] copying /home/connor/px4-offboard/build/px4_offboard/build/lib/px4_offboard/visualizer.py -> /home/connor/px4-offboard/install/px4_offboard/lib/python3.10/site-packages/px4_offboard
[1.385s] writing byte-compilation script '/tmp/tmpjsmdh9cf.py'
[1.385s] /usr/bin/python3 -O /tmp/tmpjsmdh9cf.py
[1.683s] removing /tmp/tmpjsmdh9cf.py
[1.684s] running install_data
[1.684s] creating /home/connor/px4-offboard/install/px4_offboard/share/ament_index
[1.684s] creating /home/connor/px4-offboard/install/px4_offboard/share/ament_index/resource_index
[1.684s] creating /home/connor/px4-offboard/install/px4_offboard/share/ament_index/resource_index/packages
[1.684s] copying resource/px4_offboard -> /home/connor/px4-offboard/install/px4_offboard/share/ament_index/resource_index/packages
[1.684s] copying resource/visualize.rviz -> /home/connor/px4-offboard/install/px4_offboard/share/ament_index/resource_index/packages
[1.684s] copying package.xml -> /home/connor/px4-offboard/install/px4_offboard/share/px4_offboard
[1.684s] copying launch/offboard_hardware_position_control.launch.py -> /home/connor/px4-offboard/install/px4_offboard/share/px4_offboard
[1.684s] copying launch/visualize.launch.py -> /home/connor/px4-offboard/install/px4_offboard/share/px4_offboard
[1.684s] copying launch/offboard_position_control.launch.py -> /home/connor/px4-offboard/install/px4_offboard/share/px4_offboard
[1.684s] copying resource/visualize.rviz -> /home/connor/px4-offboard/install/px4_offboard/share/px4_offboard
[1.684s] running install_egg_info
[1.704s] Copying build/px4_offboard/px4_offboard.egg-info to /home/connor/px4-offboard/install/px4_offboard/lib/python3.10/site-packages/px4_offboard-0.0.0-py3.10.egg-info
[1.704s] running install_scripts
[1.796s] Installing offboard_control script to /home/connor/px4-offboard/install/px4_offboard/lib/px4_offboard
[1.796s] Installing visualizer script to /home/connor/px4-offboard/install/px4_offboard/lib/px4_offboard
[1.797s] writing list of installed files to '/home/connor/px4-offboard/build/px4_offboard/install.log'
[1.814s] Invoked command in '/home/connor/px4-offboard' returned '0': PYTHONPATH=/home/connor/px4-offboard/build/px4_offboard/prefix_override:/home/connor/px4-offboard/install/px4_offboard/lib/python3.10/site-packages:${PYTHONPATH} /usr/bin/python3 -W ignore:setup.py install is deprecated setup.py egg_info --egg-base build/px4_offboard build --build-base /home/connor/px4-offboard/build/px4_offboard/build install --record /home/connor/px4-offboard/build/px4_offboard/install.log --single-version-externally-managed install_data
