[0.994s] Invoking command in '/home/connor/paraceptor': PYTHONPATH=/home/connor/paraceptor/build/px4_offboard/prefix_override:/home/connor/paraceptor/install/px4_offboard/lib/python3.10/site-packages:${PYTHONPATH} /usr/bin/python3 -W ignore:setup.py install is deprecated setup.py egg_info --egg-base build/px4_offboard build --build-base /home/connor/paraceptor/build/px4_offboard/build install --record /home/connor/paraceptor/build/px4_offboard/install.log --single-version-externally-managed install_data
[1.335s] running egg_info
[1.343s] writing build/px4_offboard/px4_offboard.egg-info/PKG-INFO
[1.343s] writing dependency_links to build/px4_offboard/px4_offboard.egg-info/dependency_links.txt
[1.343s] writing entry points to build/px4_offboard/px4_offboard.egg-info/entry_points.txt
[1.343s] writing requirements to build/px4_offboard/px4_offboard.egg-info/requires.txt
[1.343s] writing top-level names to build/px4_offboard/px4_offboard.egg-info/top_level.txt
[1.360s] reading manifest file 'build/px4_offboard/px4_offboard.egg-info/SOURCES.txt'
[1.361s] writing manifest file 'build/px4_offboard/px4_offboard.egg-info/SOURCES.txt'
[1.361s] running build
[1.361s] running build_py
[1.361s] copying px4_offboard/offboard_control.py -> /home/connor/paraceptor/build/px4_offboard/build/lib/px4_offboard
[1.361s] copying px4_offboard/__init__.py -> /home/connor/paraceptor/build/px4_offboard/build/lib/px4_offboard
[1.361s] copying px4_offboard/velocity_control.py -> /home/connor/paraceptor/build/px4_offboard/build/lib/px4_offboard
[1.361s] copying px4_offboard/visualizer.py -> /home/connor/paraceptor/build/px4_offboard/build/lib/px4_offboard
[1.361s] running install
[1.366s] running install_lib
[1.374s] copying /home/connor/paraceptor/build/px4_offboard/build/lib/px4_offboard/offboard_control.py -> /home/connor/paraceptor/install/px4_offboard/lib/python3.10/site-packages/px4_offboard
[1.374s] writing byte-compilation script '/tmp/tmpl7skd_yl.py'
[1.374s] /usr/bin/python3 -O /tmp/tmpl7skd_yl.py
[1.669s] removing /tmp/tmpl7skd_yl.py
[1.669s] running install_data
[1.669s] copying resource/px4_offboard -> /home/connor/paraceptor/install/px4_offboard/share/ament_index/resource_index/packages
[1.669s] copying resource/visualize.rviz -> /home/connor/paraceptor/install/px4_offboard/share/ament_index/resource_index/packages
[1.669s] copying package.xml -> /home/connor/paraceptor/install/px4_offboard/share/px4_offboard
[1.669s] copying launch/offboard_hardware_position_control.launch.py -> /home/connor/paraceptor/install/px4_offboard/share/px4_offboard
[1.669s] copying launch/visualize.launch.py -> /home/connor/paraceptor/install/px4_offboard/share/px4_offboard
[1.669s] copying launch/offboard_position_control.launch.py -> /home/connor/paraceptor/install/px4_offboard/share/px4_offboard
[1.669s] copying resource/visualize.rviz -> /home/connor/paraceptor/install/px4_offboard/share/px4_offboard
[1.669s] running install_egg_info
[1.689s] removing '/home/connor/paraceptor/install/px4_offboard/lib/python3.10/site-packages/px4_offboard-0.0.0-py3.10.egg-info' (and everything under it)
[1.689s] Copying build/px4_offboard/px4_offboard.egg-info to /home/connor/paraceptor/install/px4_offboard/lib/python3.10/site-packages/px4_offboard-0.0.0-py3.10.egg-info
[1.689s] running install_scripts
[1.781s] Installing offboard_control script to /home/connor/paraceptor/install/px4_offboard/lib/px4_offboard
[1.781s] Installing visualizer script to /home/connor/paraceptor/install/px4_offboard/lib/px4_offboard
[1.782s] writing list of installed files to '/home/connor/paraceptor/build/px4_offboard/install.log'
[1.799s] Invoked command in '/home/connor/paraceptor' returned '0': PYTHONPATH=/home/connor/paraceptor/build/px4_offboard/prefix_override:/home/connor/paraceptor/install/px4_offboard/lib/python3.10/site-packages:${PYTHONPATH} /usr/bin/python3 -W ignore:setup.py install is deprecated setup.py egg_info --egg-base build/px4_offboard build --build-base /home/connor/paraceptor/build/px4_offboard/build install --record /home/connor/paraceptor/build/px4_offboard/install.log --single-version-externally-managed install_data
