[1.017s] Invoking command in '/home/connor/paraceptor': PYTHONPATH=/home/connor/paraceptor/build/px4_offboard/prefix_override:/home/connor/paraceptor/install/px4_offboard/lib/python3.10/site-packages:${PYTHONPATH} /usr/bin/python3 -W ignore:setup.py install is deprecated setup.py egg_info --egg-base build/px4_offboard build --build-base /home/connor/paraceptor/build/px4_offboard/build install --record /home/connor/paraceptor/build/px4_offboard/install.log --single-version-externally-managed install_data
[1.367s] running egg_info
[1.375s] writing build/px4_offboard/px4_offboard.egg-info/PKG-INFO
[1.375s] writing dependency_links to build/px4_offboard/px4_offboard.egg-info/dependency_links.txt
[1.375s] writing entry points to build/px4_offboard/px4_offboard.egg-info/entry_points.txt
[1.375s] writing requirements to build/px4_offboard/px4_offboard.egg-info/requires.txt
[1.376s] writing top-level names to build/px4_offboard/px4_offboard.egg-info/top_level.txt
[1.393s] reading manifest file 'build/px4_offboard/px4_offboard.egg-info/SOURCES.txt'
[1.393s] writing manifest file 'build/px4_offboard/px4_offboard.egg-info/SOURCES.txt'
[1.393s] running build
[1.393s] running build_py
[1.394s] copying px4_offboard/offboard_control.py -> /home/connor/paraceptor/build/px4_offboard/build/lib/px4_offboard
[1.394s] copying px4_offboard/__init__.py -> /home/connor/paraceptor/build/px4_offboard/build/lib/px4_offboard
[1.394s] copying px4_offboard/velocity_control.py -> /home/connor/paraceptor/build/px4_offboard/build/lib/px4_offboard
[1.394s] copying px4_offboard/visualizer.py -> /home/connor/paraceptor/build/px4_offboard/build/lib/px4_offboard
[1.394s] running install
[1.399s] running install_lib
[1.407s] copying /home/connor/paraceptor/build/px4_offboard/build/lib/px4_offboard/offboard_control.py -> /home/connor/paraceptor/install/px4_offboard/lib/python3.10/site-packages/px4_offboard
[1.407s] writing byte-compilation script '/tmp/tmpzj8409br.py'
[1.407s] /usr/bin/python3 -O /tmp/tmpzj8409br.py
[1.699s] removing /tmp/tmpzj8409br.py
[1.699s] running install_data
[1.699s] copying resource/px4_offboard -> /home/connor/paraceptor/install/px4_offboard/share/ament_index/resource_index/packages
[1.699s] copying resource/visualize.rviz -> /home/connor/paraceptor/install/px4_offboard/share/ament_index/resource_index/packages
[1.699s] copying package.xml -> /home/connor/paraceptor/install/px4_offboard/share/px4_offboard
[1.699s] copying launch/offboard_hardware_position_control.launch.py -> /home/connor/paraceptor/install/px4_offboard/share/px4_offboard
[1.699s] copying launch/visualize.launch.py -> /home/connor/paraceptor/install/px4_offboard/share/px4_offboard
[1.700s] copying launch/offboard_position_control.launch.py -> /home/connor/paraceptor/install/px4_offboard/share/px4_offboard
[1.700s] copying resource/visualize.rviz -> /home/connor/paraceptor/install/px4_offboard/share/px4_offboard
[1.700s] running install_egg_info
[1.717s] removing '/home/connor/paraceptor/install/px4_offboard/lib/python3.10/site-packages/px4_offboard-0.0.0-py3.10.egg-info' (and everything under it)
[1.717s] Copying build/px4_offboard/px4_offboard.egg-info to /home/connor/paraceptor/install/px4_offboard/lib/python3.10/site-packages/px4_offboard-0.0.0-py3.10.egg-info
[1.718s] running install_scripts
[1.808s] Installing offboard_control script to /home/connor/paraceptor/install/px4_offboard/lib/px4_offboard
[1.808s] Installing visualizer script to /home/connor/paraceptor/install/px4_offboard/lib/px4_offboard
[1.809s] writing list of installed files to '/home/connor/paraceptor/build/px4_offboard/install.log'
[1.827s] Invoked command in '/home/connor/paraceptor' returned '0': PYTHONPATH=/home/connor/paraceptor/build/px4_offboard/prefix_override:/home/connor/paraceptor/install/px4_offboard/lib/python3.10/site-packages:${PYTHONPATH} /usr/bin/python3 -W ignore:setup.py install is deprecated setup.py egg_info --egg-base build/px4_offboard build --build-base /home/connor/paraceptor/build/px4_offboard/build install --record /home/connor/paraceptor/build/px4_offboard/install.log --single-version-externally-managed install_data
